<?xml version="1.0" encoding="UTF-8"?>
<testsuite xmlns:xsi="http://www.w3.org/2001/XMLSchema-instance" xsi:noNamespaceSchemaLocation="https://maven.apache.org/surefire/maven-surefire-plugin/xsd/surefire-test-report-3.0.xsd" version="3.0" name="se.supernovait.my.MyFirstTest" time="0.007" tests="0" errors="0" skipped="0" failures="0">
  <properties>
    <property name="java.specification.version" value="17"/>
    <property name="sun.jnu.encoding" value="UTF-8"/>
    <property name="java.class.path" value="/Users/shakira/Supernova/Projects/in-house/active_projects/project_vips/development/mobile/my-app/common/target/test-classes:/Users/shakira/Supernova/Projects/in-house/active_projects/project_vips/development/mobile/my-app/common/target/classes:/Users/shakira/.m2/repository/com/codenameone/codenameone-core/7.0.82/codenameone-core-7.0.82.jar:/Users/shakira/.m2/repository/com/codenameone/coderad-common/2.0.3/coderad-common-2.0.3.jar:/Users/shakira/.m2/repository/com/codenameone/coderad-javase/2.0.3/coderad-javase-2.0.3.jar:/Users/shakira/.m2/repository/com/codenameone/coderad-annotation-processor/2.0.3/coderad-annotation-processor-2.0.3.jar:/Users/shakira/.m2/repository/com/codenameone/coderad-annotations/2.0.3/coderad-annotations-2.0.3.jar:/Users/shakira/.m2/repository/com/squareup/javapoet/1.13.0/javapoet-1.13.0.jar:/Users/shakira/.m2/repository/org/apache/commons/commons-text/1.9/commons-text-1.9.jar:/Users/shakira/.m2/repository/org/apache/commons/commons-lang3/3.11/commons-lang3-3.11.jar:"/>
    <property name="java.vm.vendor" value="Amazon.com Inc."/>
    <property name="codename1.platform" value="javase"/>
    <property name="sun.arch.data.model" value="64"/>
    <property name="java.vendor.url" value="https://aws.amazon.com/corretto/"/>
    <property name="os.name" value="Mac OS X"/>
    <property name="java.vm.specification.version" value="17"/>
    <property name="sun.java.launcher" value="SUN_STANDARD"/>
    <property name="user.country" value="SE"/>
    <property name="sun.boot.library.path" value="/Library/Java/JavaVirtualMachines/amazon-corretto-17.jdk/Contents/Home/lib"/>
    <property name="sun.java.command" value="/Users/shakira/Supernova/Projects/in-house/active_projects/project_vips/development/mobile/my-app/common/target/surefire/surefirebooter1865310532033126945.jar /Users/shakira/Supernova/Projects/in-house/active_projects/project_vips/development/mobile/my-app/common/target/surefire 2022-09-18T16-16-14_689-jvmRun1 surefire389677206369507391tmp surefire_0741233623470551402tmp"/>
    <property name="http.nonProxyHosts" value="local|*.local|169.254/16|*.169.254/16"/>
    <property name="jdk.debug" value="release"/>
    <property name="surefire.test.class.path" value="/Users/shakira/Supernova/Projects/in-house/active_projects/project_vips/development/mobile/my-app/common/target/test-classes:/Users/shakira/Supernova/Projects/in-house/active_projects/project_vips/development/mobile/my-app/common/target/classes:/Users/shakira/.m2/repository/com/codenameone/codenameone-core/7.0.82/codenameone-core-7.0.82.jar:/Users/shakira/.m2/repository/com/codenameone/coderad-common/2.0.3/coderad-common-2.0.3.jar:/Users/shakira/.m2/repository/com/codenameone/coderad-javase/2.0.3/coderad-javase-2.0.3.jar:/Users/shakira/.m2/repository/com/codenameone/coderad-annotation-processor/2.0.3/coderad-annotation-processor-2.0.3.jar:/Users/shakira/.m2/repository/com/codenameone/coderad-annotations/2.0.3/coderad-annotations-2.0.3.jar:/Users/shakira/.m2/repository/com/squareup/javapoet/1.13.0/javapoet-1.13.0.jar:/Users/shakira/.m2/repository/org/apache/commons/commons-text/1.9/commons-text-1.9.jar:/Users/shakira/.m2/repository/org/apache/commons/commons-lang3/3.11/commons-lang3-3.11.jar:"/>
    <property name="sun.cpu.endian" value="little"/>
    <property name="user.home" value="/Users/shakira"/>
    <property name="user.language" value="sv"/>
    <property name="java.specification.vendor" value="Oracle Corporation"/>
    <property name="java.version.date" value="2022-01-18"/>
    <property name="java.home" value="/Library/Java/JavaVirtualMachines/amazon-corretto-17.jdk/Contents/Home"/>
    <property name="file.separator" value="/"/>
    <property name="basedir" value="/Users/shakira/Supernova/Projects/in-house/active_projects/project_vips/development/mobile/my-app/common"/>
    <property name="java.vm.compressedOopsMode" value="Zero based"/>
    <property name="line.separator" value="&#10;"/>
    <property name="java.vm.specification.vendor" value="Oracle Corporation"/>
    <property name="java.specification.name" value="Java Platform API Specification"/>
    <property name="surefire.real.class.path" value="/Users/shakira/Supernova/Projects/in-house/active_projects/project_vips/development/mobile/my-app/common/target/surefire/surefirebooter1865310532033126945.jar"/>
    <property name="sun.management.compiler" value="HotSpot 64-Bit Tiered Compilers"/>
    <property name="ftp.nonProxyHosts" value="local|*.local|169.254/16|*.169.254/16"/>
    <property name="java.runtime.version" value="17.0.2+8-LTS"/>
    <property name="user.name" value="shakira"/>
    <property name="path.separator" value=":"/>
    <property name="os.version" value="12.6"/>
    <property name="java.runtime.name" value="OpenJDK Runtime Environment"/>
    <property name="file.encoding" value="UTF-8"/>
    <property name="java.vm.name" value="OpenJDK 64-Bit Server VM"/>
    <property name="java.vendor.version" value="Corretto-17.0.2.8.1"/>
    <property name="localRepository" value="/Users/shakira/.m2/repository"/>
    <property name="java.vendor.url.bug" value="https://github.com/corretto/corretto-17/issues/"/>
    <property name="java.io.tmpdir" value="/var/folders/m7/gd5zbg0n1477phvc4dpjq3yr0000gn/T/"/>
    <property name="idea.version" value="2022.1"/>
    <property name="java.version" value="17.0.2"/>
    <property name="user.dir" value="/Users/shakira/Supernova/Projects/in-house/active_projects/project_vips/development/mobile/my-app/common"/>
    <property name="os.arch" value="x86_64"/>
    <property name="java.vm.specification.name" value="Java Virtual Machine Specification"/>
    <property name="native.encoding" value="UTF-8"/>
    <property name="java.library.path" value="/Users/shakira/Library/Java/Extensions:/Library/Java/Extensions:/Network/Library/Java/Extensions:/System/Library/Java/Extensions:/usr/lib/java:."/>
    <property name="java.vm.info" value="mixed mode, sharing"/>
    <property name="java.vendor" value="Amazon.com Inc."/>
    <property name="java.vm.version" value="17.0.2+8-LTS"/>
    <property name="sun.io.unicode.encoding" value="UnicodeBig"/>
    <property name="socksNonProxyHosts" value="local|*.local|169.254/16|*.169.254/16"/>
    <property name="java.class.version" value="61.0"/>
  </properties>
</testsuite>